<?xml version="1.0" encoding="UTF-8"?>
<!-- Generated by org.testng.reporters.JUnitXMLReporter -->
<testsuite ignored="0" hostname="WPRJAVANG" failures="1" tests="4" name="Login Tests" time="0.191" errors="0" timestamp="2026-06-05T17:58:43 IST">
  <testcase classname="tests.LoginTest" name="@BeforeMethod setup" time="0.012">
    <failure type="java.lang.NoClassDefFoundError" message="org/apache/hc/core5/http/ClassicHttpRequest">
      <![CDATA[java.lang.NoClassDefFoundError: org/apache/hc/core5/http/ClassicHttpRequest
at base.DriverManager.getDriver(DriverManager.java:16)
at tests.LoginTest.setup(LoginTest.java:19)
at java.base/java.util.ArrayList.forEach(ArrayList.java:1511)
Caused by: java.lang.ClassNotFoundException: org.apache.hc.core5.http.ClassicHttpRequest
at java.base/jdk.internal.loader.BuiltinClassLoader.loadClass(BuiltinClassLoader.java:641)
at java.base/jdk.internal.loader.ClassLoaders$AppClassLoader.loadClass(ClassLoaders.java:188)
at java.base/java.lang.ClassLoader.loadClass(ClassLoader.java:525)
... 34 more
... Removed 31 stack frames]]>
    </failure>
  </testcase> <!-- @BeforeMethod setup -->
  <testcase classname="tests.LoginTest" name="@AfterMethod tearDown" time="0.0">
    <skipped/>
  </testcase> <!-- @AfterMethod tearDown -->
  <testcase classname="tests.LoginTest" name="@BeforeMethod setup" time="0.0">
    <skipped/>
  </testcase> <!-- @BeforeMethod setup -->
  <testcase classname="tests.LoginTest" name="@AfterMethod tearDown" time="0.0">
    <skipped/>
  </testcase> <!-- @AfterMethod tearDown -->
  <testcase classname="tests.LoginTest" name="@BeforeMethod setup" time="0.0">
    <skipped/>
  </testcase> <!-- @BeforeMethod setup -->
  <testcase classname="tests.LoginTest" name="@AfterMethod tearDown" time="0.0">
    <skipped/>
  </testcase> <!-- @AfterMethod tearDown -->
  <testcase classname="tests.LoginTest" name="loginUsingCsv" time="0.001">
    <skipped/>
  </testcase> <!-- loginUsingCsv -->
  <testcase classname="tests.LoginTest" name="loginUsingCsv" time="0.0">
    <skipped/>
  </testcase> <!-- loginUsingCsv -->
  <testcase classname="tests.LoginTest" name="loginUsingCsv" time="0.0">
    <skipped/>
  </testcase> <!-- loginUsingCsv -->
  <testcase classname="tests.LoginTest" name="loginUsingJson" time="0.0">
    <failure type="java.lang.RuntimeException" message="org.json.JSONException: A JSONArray text must start with &amp;apos;[&amp;apos; at 1 [character 2 line 1]">
      <![CDATA[java.lang.RuntimeException: org.json.JSONException: A JSONArray text must start with '[' at 1 [character 2 line 1]
at java.base/java.util.ArrayList.forEach(ArrayList.java:1511)
Caused by: org.json.JSONException: A JSONArray text must start with '[' at 1 [character 2 line 1]
at org.json.JSONTokener.syntaxError(JSONTokener.java:503)
at org.json.JSONArray.<init>(JSONArray.java:89)
at org.json.JSONArray.<init>(JSONArray.java:142)
at utils.JsonUtil.getJsonData(JsonUtil.java:22)
at tests.LoginTest.jsonData(LoginTest.java:34)
... 25 more
... Removed 32 stack frames]]>
    </failure>
  </testcase> <!-- loginUsingJson -->
</testsuite> <!-- Login Tests -->
